<?xml version="1.0" encoding="UTF-8"?>
<testng-results ignored="0" total="2" passed="2" failed="0" skipped="0">
  <reporter-output>
  </reporter-output>
  <suite started-at="2023-07-26T18:54:31 IST" name="OpenCartSuite" finished-at="2023-07-26T18:54:46 IST" duration-ms="14475">
    <groups>
    </groups>
    <test started-at="2023-07-26T18:54:31 IST" name="OpenCardTest" finished-at="2023-07-26T18:54:46 IST" duration-ms="14475">
      <class name="testCases.TC_001_AccountRegistrationTest">
        <test-method is-config="true" signature="setUp()[pri:0, instance:testCases.TC_001_AccountRegistrationTest@74fe5c40]" started-at="2023-07-26T18:54:32 IST" name="setUp" finished-at="2023-07-26T18:54:37 IST" duration-ms="5203" status="PASS">
          <reporter-output>
          </reporter-output>
        </test-method> <!-- setUp -->
        <test-method signature="test_account_Registration()[pri:0, instance:testCases.TC_001_AccountRegistrationTest@74fe5c40]" started-at="2023-07-26T18:54:37 IST" name="test_account_Registration" finished-at="2023-07-26T18:54:41 IST" duration-ms="4279" status="PASS">
          <reporter-output>
          </reporter-output>
        </test-method> <!-- test_account_Registration -->
        <test-method is-config="true" signature="randomString()[pri:0, instance:testCases.TC_001_AccountRegistrationTest@74fe5c40]" started-at="2023-07-26T18:54:41 IST" name="randomString" finished-at="2023-07-26T18:54:41 IST" duration-ms="1" status="PASS">
          <reporter-output>
          </reporter-output>
        </test-method> <!-- randomString -->
      </class> <!-- testCases.TC_001_AccountRegistrationTest -->
      <class name="testCases.TC_002_LoginTest">
        <test-method is-config="true" signature="setUp()[pri:0, instance:testCases.TC_002_LoginTest@7f0eb4b4]" started-at="2023-07-26T18:54:41 IST" name="setUp" finished-at="2023-07-26T18:54:45 IST" duration-ms="3986" status="PASS">
          <reporter-output>
          </reporter-output>
        </test-method> <!-- setUp -->
        <test-method signature="Test_Login()[pri:0, instance:testCases.TC_002_LoginTest@7f0eb4b4]" started-at="2023-07-26T18:54:45 IST" name="Test_Login" finished-at="2023-07-26T18:54:46 IST" duration-ms="767" status="PASS">
          <reporter-output>
          </reporter-output>
        </test-method> <!-- Test_Login -->
        <test-method is-config="true" signature="randomString()[pri:0, instance:testCases.TC_002_LoginTest@7f0eb4b4]" started-at="2023-07-26T18:54:46 IST" name="randomString" finished-at="2023-07-26T18:54:46 IST" duration-ms="0" status="PASS">
          <reporter-output>
          </reporter-output>
        </test-method> <!-- randomString -->
      </class> <!-- testCases.TC_002_LoginTest -->
    </test> <!-- OpenCardTest -->
  </suite> <!-- OpenCartSuite -->
</testng-results>
