<?xml version="1.0" encoding="UTF-8"?>
<testng-results ignored="0" total="3" passed="3" failed="0" skipped="0">
  <reporter-output>
  </reporter-output>
  <suite started-at="2023-07-26T15:04:19 IST" name="OpenCartSuite" finished-at="2023-07-26T15:05:31 IST" duration-ms="71933">
    <groups>
    </groups>
    <test started-at="2023-07-26T15:04:19 IST" name="OpenCartTest" finished-at="2023-07-26T15:05:31 IST" duration-ms="71933">
      <class name="testCases.TC_003_LoginDDT">
        <test-method is-config="true" signature="setUp()[pri:0, instance:testCases.TC_003_LoginDDT@6c64cb25]" started-at="2023-07-26T15:04:19 IST" name="setUp" finished-at="2023-07-26T15:04:25 IST" duration-ms="6348" status="PASS">
          <reporter-output>
          </reporter-output>
        </test-method> <!-- setUp -->
        <test-method signature="test_loginDDT(java.lang.String,java.lang.String,java.lang.String)[pri:0, instance:testCases.TC_003_LoginDDT@6c64cb25]" started-at="2023-07-26T15:04:27 IST" name="test_loginDDT" data-provider="LoginData" finished-at="2023-07-26T15:04:48 IST" duration-ms="21120" status="PASS">
          <params>
            <param index="0">
              <value>
                <![CDATA[suberiya@gmail.com]]>
              </value>
            </param>
            <param index="1">
              <value>
                <![CDATA[abcd]]>
              </value>
            </param>
            <param index="2">
              <value>
                <![CDATA[invalid]]>
              </value>
            </param>
          </params>
          <reporter-output>
          </reporter-output>
        </test-method> <!-- test_loginDDT -->
        <test-method signature="test_loginDDT(java.lang.String,java.lang.String,java.lang.String)[pri:0, instance:testCases.TC_003_LoginDDT@6c64cb25]" started-at="2023-07-26T15:04:48 IST" name="test_loginDDT" data-provider="LoginData" finished-at="2023-07-26T15:05:09 IST" duration-ms="21525" status="PASS">
          <params>
            <param index="0">
              <value>
                <![CDATA[subb@gmail.com]]>
              </value>
            </param>
            <param index="1">
              <value>
                <![CDATA[abcd1]]>
              </value>
            </param>
            <param index="2">
              <value>
                <![CDATA[invalid]]>
              </value>
            </param>
          </params>
          <reporter-output>
          </reporter-output>
        </test-method> <!-- test_loginDDT -->
        <test-method signature="test_loginDDT(java.lang.String,java.lang.String,java.lang.String)[pri:0, instance:testCases.TC_003_LoginDDT@6c64cb25]" started-at="2023-07-26T15:05:09 IST" name="test_loginDDT" data-provider="LoginData" finished-at="2023-07-26T15:05:31 IST" duration-ms="21247" status="PASS">
          <params>
            <param index="0">
              <value>
                <![CDATA[asdec@gmail.com]]>
              </value>
            </param>
            <param index="1">
              <value>
                <![CDATA[abcdef@123]]>
              </value>
            </param>
            <param index="2">
              <value>
                <![CDATA[valid]]>
              </value>
            </param>
          </params>
          <reporter-output>
          </reporter-output>
        </test-method> <!-- test_loginDDT -->
        <test-method is-config="true" signature="randomString()[pri:0, instance:testCases.TC_003_LoginDDT@6c64cb25]" started-at="2023-07-26T15:05:31 IST" name="randomString" finished-at="2023-07-26T15:05:31 IST" duration-ms="3" status="PASS">
          <reporter-output>
          </reporter-output>
        </test-method> <!-- randomString -->
      </class> <!-- testCases.TC_003_LoginDDT -->
    </test> <!-- OpenCartTest -->
  </suite> <!-- OpenCartSuite -->
</testng-results>
