<?xml version="1.0" encoding="UTF-8"?>
<!-- Generated by org.testng.reporters.JUnitXMLReporter -->
<testsuite ignored="0" hostname="LAPTOP-1UFQG6B3" failures="0" tests="3" name="OpenCartTest" time="71.933" errors="0" timestamp="2023-07-26T15:05:31 IST">
  <testcase classname="testCases.TC_003_LoginDDT" name="test_loginDDT" time="21.12"/>
  <testcase classname="testCases.TC_003_LoginDDT" name="test_loginDDT" time="21.525"/>
  <testcase classname="testCases.TC_003_LoginDDT" name="test_loginDDT" time="21.247"/>
</testsuite> <!-- OpenCartTest -->
